ERROR - 2025-04-09 00:00:15 --> Column 'id_user' cannot be null
ERROR - 2025-04-09 00:00:39 --> Column 'id_user' cannot be null
ERROR - 2025-04-09 00:00:46 --> Column 'id_user' cannot be null
ERROR - 2025-04-09 00:01:27 --> Column 'id_user' cannot be null
CRITICAL - 2025-04-09 00:01:27 --> Invalid file: profile.php
#0 C:\Users\redmibook\Videos\pointofsale\system\View\View.php(198): CodeIgniter\Exceptions\FrameworkException::forInvalidFile('profile.php')
#1 C:\Users\redmibook\Videos\pointofsale\system\Common.php(1089): CodeIgniter\View\View->render('profile', Array, true)
#2 C:\Users\redmibook\Videos\pointofsale\app\Controllers\Home.php(373): view('profile')
#3 C:\Users\redmibook\Videos\pointofsale\system\CodeIgniter.php(832): App\Controllers\Home->profile()
#4 C:\Users\redmibook\Videos\pointofsale\system\CodeIgniter.php(419): CodeIgniter\CodeIgniter->runController(Object(App\Controllers\Home))
#5 C:\Users\redmibook\Videos\pointofsale\system\CodeIgniter.php(326): CodeIgniter\CodeIgniter->handleRequest(NULL, Object(Config\Cache), false)
#6 C:\Users\redmibook\Videos\pointofsale\public\index.php(37): CodeIgniter\CodeIgniter->run()
#7 C:\Users\redmibook\Videos\pointofsale\system\Commands\Server\rewrite.php(43): require_once('C:\\Users\\redmib...')
#8 {main}
ERROR - 2025-04-09 09:10:21 --> Column 'id_user' cannot be null
ERROR - 2025-04-09 09:12:29 --> Column 'id_user' cannot be null
ERROR - 2025-04-09 09:12:36 --> Column 'id_user' cannot be null
ERROR - 2025-04-09 21:25:24 --> Column 'id_user' cannot be null
ERROR - 2025-04-09 21:44:23 --> Column 'id_user' cannot be null
ERROR - 2025-04-09 12:01:00 --> You have an error in your SQL syntax; check the manual that corresponds to your MariaDB server version for the right syntax to use near 'IS NULL
ORDER BY `id_kategori`' at line 3
CRITICAL - 2025-04-09 12:01:00 --> Call to a member function getResult() on bool
#0 C:\Users\redmibook\Videos\pointofsale\app\Controllers\Home.php(293): App\Models\M_belajar->getWhereOpt('kategori', NULL, false, 'id_kategori')
#1 C:\Users\redmibook\Videos\pointofsale\system\CodeIgniter.php(832): App\Controllers\Home->tampildata()
#2 C:\Users\redmibook\Videos\pointofsale\system\CodeIgniter.php(419): CodeIgniter\CodeIgniter->runController(Object(App\Controllers\Home))
#3 C:\Users\redmibook\Videos\pointofsale\system\CodeIgniter.php(326): CodeIgniter\CodeIgniter->handleRequest(NULL, Object(Config\Cache), false)
#4 C:\Users\redmibook\Videos\pointofsale\public\index.php(37): CodeIgniter\CodeIgniter->run()
#5 C:\Users\redmibook\Videos\pointofsale\system\Commands\Server\rewrite.php(43): require_once('C:\\Users\\redmib...')
#6 {main}
CRITICAL - 2025-04-09 12:05:17 --> syntax error, unexpected '<'
#0 C:\Users\redmibook\Videos\pointofsale\system\View\View.php(213): CodeIgniter\View\View->CodeIgniter\View\{closure}()
#1 C:\Users\redmibook\Videos\pointofsale\system\Common.php(1089): CodeIgniter\View\View->render('tampildata', Array, true)
#2 C:\Users\redmibook\Videos\pointofsale\app\Controllers\Home.php(300): view('tampildata', Array)
#3 C:\Users\redmibook\Videos\pointofsale\system\CodeIgniter.php(832): App\Controllers\Home->tampildata()
#4 C:\Users\redmibook\Videos\pointofsale\system\CodeIgniter.php(419): CodeIgniter\CodeIgniter->runController(Object(App\Controllers\Home))
#5 C:\Users\redmibook\Videos\pointofsale\system\CodeIgniter.php(326): CodeIgniter\CodeIgniter->handleRequest(NULL, Object(Config\Cache), false)
#6 C:\Users\redmibook\Videos\pointofsale\public\index.php(37): CodeIgniter\CodeIgniter->run()
#7 C:\Users\redmibook\Videos\pointofsale\system\Commands\Server\rewrite.php(43): require_once('C:\\Users\\redmib...')
#8 {main}
CRITICAL - 2025-04-09 21:46:00 --> syntax error, unexpected ''created_by'' (T_CONSTANT_ENCAPSED_STRING), expecting ')'
#0 C:\Users\redmibook\Videos\pointofsale\system\Router\Router.php(175): CodeIgniter\Router\Router->autoRoute('home/formdatas')
#1 C:\Users\redmibook\Videos\pointofsale\system\CodeIgniter.php(726): CodeIgniter\Router\Router->handle('home/formdatas')
#2 C:\Users\redmibook\Videos\pointofsale\system\CodeIgniter.php(368): CodeIgniter\CodeIgniter->tryToRouteIt(Object(CodeIgniter\Router\RouteCollection))
#3 C:\Users\redmibook\Videos\pointofsale\system\CodeIgniter.php(326): CodeIgniter\CodeIgniter->handleRequest(NULL, Object(Config\Cache), false)
#4 C:\Users\redmibook\Videos\pointofsale\public\index.php(37): CodeIgniter\CodeIgniter->run()
#5 C:\Users\redmibook\Videos\pointofsale\system\Commands\Server\rewrite.php(43): require_once('C:\\Users\\redmib...')
#6 {main}
ERROR - 2025-04-09 21:51:49 --> Unknown column 'foto' in 'field list'
ERROR - 2025-04-09 21:52:10 --> Unknown column 'foto' in 'field list'
ERROR - 2025-04-09 21:52:50 --> Unknown column 'foto' in 'field list'
ERROR - 2025-04-09 21:54:19 --> Unknown column 'foto' in 'field list'
ERROR - 2025-04-09 21:56:02 --> Unknown column 'foto' in 'field list'
CRITICAL - 2025-04-09 21:57:01 --> Call to undefined method CodeIgniter\HTTP\IncomingRequest::geFile()
#0 C:\Users\redmibook\Videos\pointofsale\system\CodeIgniter.php(832): App\Controllers\Home->input_kategori()
#1 C:\Users\redmibook\Videos\pointofsale\system\CodeIgniter.php(419): CodeIgniter\CodeIgniter->runController(Object(App\Controllers\Home))
#2 C:\Users\redmibook\Videos\pointofsale\system\CodeIgniter.php(326): CodeIgniter\CodeIgniter->handleRequest(NULL, Object(Config\Cache), false)
#3 C:\Users\redmibook\Videos\pointofsale\public\index.php(37): CodeIgniter\CodeIgniter->run()
#4 C:\Users\redmibook\Videos\pointofsale\system\Commands\Server\rewrite.php(43): require_once('C:\\Users\\redmib...')
#5 {main}
CRITICAL - 2025-04-09 22:23:59 --> syntax error, unexpected 'session' (T_STRING)
#0 C:\Users\redmibook\Videos\pointofsale\system\Autoloader\Autoloader.php(241): CodeIgniter\Autoloader\Autoloader->includeFile('C:\\Users\\redmib...')
#1 C:\Users\redmibook\Videos\pointofsale\system\Autoloader\Autoloader.php(219): CodeIgniter\Autoloader\Autoloader->loadInNamespace('App\\Controllers...')
#2 [internal function]: CodeIgniter\Autoloader\Autoloader->loadClass('App\\Controllers...')
#3 [internal function]: spl_autoload_call('App\\Controllers...')
#4 C:\Users\redmibook\Videos\pointofsale\system\CodeIgniter.php(797): class_exists('\\App\\Controller...', true)
#5 C:\Users\redmibook\Videos\pointofsale\system\CodeIgniter.php(406): CodeIgniter\CodeIgniter->startController()
#6 C:\Users\redmibook\Videos\pointofsale\system\CodeIgniter.php(326): CodeIgniter\CodeIgniter->handleRequest(NULL, Object(Config\Cache), false)
#7 C:\Users\redmibook\Videos\pointofsale\public\index.php(37): CodeIgniter\CodeIgniter->run()
#8 C:\Users\redmibook\Videos\pointofsale\system\Commands\Server\rewrite.php(43): require_once('C:\\Users\\redmib...')
#9 {main}
ERROR - 2025-04-09 22:27:55 --> Table 'point_of_sale.question' doesn't exist
CRITICAL - 2025-04-09 22:27:55 --> Call to a member function getResultArray() on bool
#0 C:\Users\redmibook\Videos\pointofsale\app\Controllers\admin.php(145): App\Models\M_belajar->getDelete('question', 'deleted_at IS N...')
#1 C:\Users\redmibook\Videos\pointofsale\system\CodeIgniter.php(832): App\Controllers\Admin->deleted_data()
#2 C:\Users\redmibook\Videos\pointofsale\system\CodeIgniter.php(419): CodeIgniter\CodeIgniter->runController(Object(App\Controllers\Admin))
#3 C:\Users\redmibook\Videos\pointofsale\system\CodeIgniter.php(326): CodeIgniter\CodeIgniter->handleRequest(NULL, Object(Config\Cache), false)
#4 C:\Users\redmibook\Videos\pointofsale\public\index.php(37): CodeIgniter\CodeIgniter->run()
#5 C:\Users\redmibook\Videos\pointofsale\system\Commands\Server\rewrite.php(43): require_once('C:\\Users\\redmib...')
#6 {main}
CRITICAL - 2025-04-09 22:32:50 --> syntax error, unexpected 'public' (T_PUBLIC)
#0 C:\Users\redmibook\Videos\pointofsale\system\Router\Router.php(175): CodeIgniter\Router\Router->autoRoute('home/tampildata')
#1 C:\Users\redmibook\Videos\pointofsale\system\CodeIgniter.php(726): CodeIgniter\Router\Router->handle('home/tampildata')
#2 C:\Users\redmibook\Videos\pointofsale\system\CodeIgniter.php(368): CodeIgniter\CodeIgniter->tryToRouteIt(Object(CodeIgniter\Router\RouteCollection))
#3 C:\Users\redmibook\Videos\pointofsale\system\CodeIgniter.php(326): CodeIgniter\CodeIgniter->handleRequest(NULL, Object(Config\Cache), false)
#4 C:\Users\redmibook\Videos\pointofsale\public\index.php(37): CodeIgniter\CodeIgniter->run()
#5 C:\Users\redmibook\Videos\pointofsale\system\Commands\Server\rewrite.php(43): require_once('C:\\Users\\redmib...')
#6 {main}
CRITICAL - 2025-04-09 22:33:24 --> syntax error, unexpected 'public' (T_PUBLIC)
#0 C:\Users\redmibook\Videos\pointofsale\system\Router\Router.php(175): CodeIgniter\Router\Router->autoRoute('home/tampildata')
#1 C:\Users\redmibook\Videos\pointofsale\system\CodeIgniter.php(726): CodeIgniter\Router\Router->handle('home/tampildata')
#2 C:\Users\redmibook\Videos\pointofsale\system\CodeIgniter.php(368): CodeIgniter\CodeIgniter->tryToRouteIt(Object(CodeIgniter\Router\RouteCollection))
#3 C:\Users\redmibook\Videos\pointofsale\system\CodeIgniter.php(326): CodeIgniter\CodeIgniter->handleRequest(NULL, Object(Config\Cache), false)
#4 C:\Users\redmibook\Videos\pointofsale\public\index.php(37): CodeIgniter\CodeIgniter->run()
#5 C:\Users\redmibook\Videos\pointofsale\system\Commands\Server\rewrite.php(43): require_once('C:\\Users\\redmib...')
#6 {main}
CRITICAL - 2025-04-09 23:13:36 --> Invalid argument supplied for foreach()
#0 C:\Users\redmibook\Videos\pointofsale\app\Views\eproduk.php(22): CodeIgniter\Debug\Exceptions->errorHandler(2, 'Invalid argumen...', 'C:\\Users\\redmib...', 22, Array)
#1 C:\Users\redmibook\Videos\pointofsale\system\View\View.php(210): include('C:\\Users\\redmib...')
#2 C:\Users\redmibook\Videos\pointofsale\system\View\View.php(213): CodeIgniter\View\View->CodeIgniter\View\{closure}()
#3 C:\Users\redmibook\Videos\pointofsale\system\Common.php(1089): CodeIgniter\View\View->render('eproduk', Array, true)
#4 C:\Users\redmibook\Videos\pointofsale\app\Controllers\Home.php(428): view('eproduk', Array)
#5 C:\Users\redmibook\Videos\pointofsale\system\CodeIgniter.php(832): App\Controllers\Home->edit_produk('3')
#6 C:\Users\redmibook\Videos\pointofsale\system\CodeIgniter.php(419): CodeIgniter\CodeIgniter->runController(Object(App\Controllers\Home))
#7 C:\Users\redmibook\Videos\pointofsale\system\CodeIgniter.php(326): CodeIgniter\CodeIgniter->handleRequest(NULL, Object(Config\Cache), false)
#8 C:\Users\redmibook\Videos\pointofsale\public\index.php(37): CodeIgniter\CodeIgniter->run()
#9 C:\Users\redmibook\Videos\pointofsale\system\Commands\Server\rewrite.php(43): require_once('C:\\Users\\redmib...')
#10 {main}
CRITICAL - 2025-04-09 23:15:29 --> Invalid argument supplied for foreach()
#0 C:\Users\redmibook\Videos\pointofsale\app\Views\eproduk.php(22): CodeIgniter\Debug\Exceptions->errorHandler(2, 'Invalid argumen...', 'C:\\Users\\redmib...', 22, Array)
#1 C:\Users\redmibook\Videos\pointofsale\system\View\View.php(210): include('C:\\Users\\redmib...')
#2 C:\Users\redmibook\Videos\pointofsale\system\View\View.php(213): CodeIgniter\View\View->CodeIgniter\View\{closure}()
#3 C:\Users\redmibook\Videos\pointofsale\system\Common.php(1089): CodeIgniter\View\View->render('eproduk', Array, true)
#4 C:\Users\redmibook\Videos\pointofsale\app\Controllers\Home.php(428): view('eproduk', Array)
#5 C:\Users\redmibook\Videos\pointofsale\system\CodeIgniter.php(832): App\Controllers\Home->edit_produk('3')
#6 C:\Users\redmibook\Videos\pointofsale\system\CodeIgniter.php(419): CodeIgniter\CodeIgniter->runController(Object(App\Controllers\Home))
#7 C:\Users\redmibook\Videos\pointofsale\system\CodeIgniter.php(326): CodeIgniter\CodeIgniter->handleRequest(NULL, Object(Config\Cache), false)
#8 C:\Users\redmibook\Videos\pointofsale\public\index.php(37): CodeIgniter\CodeIgniter->run()
#9 C:\Users\redmibook\Videos\pointofsale\system\Commands\Server\rewrite.php(43): require_once('C:\\Users\\redmib...')
#10 {main}
ERROR - 2025-04-09 23:33:06 --> Unknown column 'kategori' in 'field list'
ERROR - 2025-04-09 23:37:15 --> Unknown column 'kategori' in 'field list'
ERROR - 2025-04-09 23:44:22 --> Unknown column 'kategori' in 'field list'
ERROR - 2025-04-09 23:48:16 --> Unknown column 'kategori' in 'field list'
