ERROR - 2026-01-05 00:18:20 --> Table 'todolist.web_detail' doesn't exist
CRITICAL - 2026-01-05 00:18:20 --> Call to a member function getRowArray() on bool
#0 C:\Users\user\Music\Engeline Chairine UKK\TODOLIST-1\app\Controllers\Home.php(19): App\Models\M_belajar->getWebDetails()
#1 C:\Users\user\Music\Engeline Chairine UKK\TODOLIST-1\system\CodeIgniter.php(809): App\Controllers\Home->__construct()
#2 C:\Users\user\Music\Engeline Chairine UKK\TODOLIST-1\system\CodeIgniter.php(410): CodeIgniter\CodeIgniter->createController()
#3 C:\Users\user\Music\Engeline Chairine UKK\TODOLIST-1\system\CodeIgniter.php(326): CodeIgniter\CodeIgniter->handleRequest(NULL, Object(Config\Cache), false)
#4 C:\Users\user\Music\Engeline Chairine UKK\TODOLIST-1\public\index.php(37): CodeIgniter\CodeIgniter->run()
#5 C:\Users\user\Music\Engeline Chairine UKK\TODOLIST-1\system\Commands\Server\rewrite.php(43): require_once('C:\\Users\\user\\M...')
#6 {main}
CRITICAL - 2026-01-05 00:30:17 --> Undefined variable $orderBy
#0 C:\Users\user\Music\Engeline Chairine UKK\TODOLIST-1\app\Models\M_tugas.php(10): CodeIgniter\Debug\Exceptions->errorHandler(2, 'Undefined varia...', 'C:\\Users\\user\\M...', 10)
#1 C:\Users\user\Music\Engeline Chairine UKK\TODOLIST-1\app\Controllers\Home.php(17): App\Models\M_tugas->tampil()
#2 C:\Users\user\Music\Engeline Chairine UKK\TODOLIST-1\system\CodeIgniter.php(832): App\Controllers\Home->index()
#3 C:\Users\user\Music\Engeline Chairine UKK\TODOLIST-1\system\CodeIgniter.php(419): CodeIgniter\CodeIgniter->runController(Object(App\Controllers\Home))
#4 C:\Users\user\Music\Engeline Chairine UKK\TODOLIST-1\system\CodeIgniter.php(326): CodeIgniter\CodeIgniter->handleRequest(NULL, Object(Config\Cache), false)
#5 C:\Users\user\Music\Engeline Chairine UKK\TODOLIST-1\public\index.php(37): CodeIgniter\CodeIgniter->run()
#6 C:\Users\user\Music\Engeline Chairine UKK\TODOLIST-1\system\Commands\Server\rewrite.php(43): require_once('C:\\Users\\user\\M...')
#7 {main}
CRITICAL - 2026-01-05 00:31:44 --> Undefined variable $kategori
#0 C:\Users\user\Music\Engeline Chairine UKK\TODOLIST-1\app\Views\index.php(19): CodeIgniter\Debug\Exceptions->errorHandler(2, 'Undefined varia...', 'C:\\Users\\user\\M...', 19)
#1 C:\Users\user\Music\Engeline Chairine UKK\TODOLIST-1\system\View\View.php(210): include('C:\\Users\\user\\M...')
#2 C:\Users\user\Music\Engeline Chairine UKK\TODOLIST-1\system\View\View.php(213): CodeIgniter\View\View->CodeIgniter\View\{closure}()
#3 C:\Users\user\Music\Engeline Chairine UKK\TODOLIST-1\system\Common.php(1089): CodeIgniter\View\View->render('index', Array, true)
#4 C:\Users\user\Music\Engeline Chairine UKK\TODOLIST-1\app\Controllers\Home.php(20): view('index', Array)
#5 C:\Users\user\Music\Engeline Chairine UKK\TODOLIST-1\system\CodeIgniter.php(832): App\Controllers\Home->index()
#6 C:\Users\user\Music\Engeline Chairine UKK\TODOLIST-1\system\CodeIgniter.php(419): CodeIgniter\CodeIgniter->runController(Object(App\Controllers\Home))
#7 C:\Users\user\Music\Engeline Chairine UKK\TODOLIST-1\system\CodeIgniter.php(326): CodeIgniter\CodeIgniter->handleRequest(NULL, Object(Config\Cache), false)
#8 C:\Users\user\Music\Engeline Chairine UKK\TODOLIST-1\public\index.php(37): CodeIgniter\CodeIgniter->run()
#9 C:\Users\user\Music\Engeline Chairine UKK\TODOLIST-1\system\Commands\Server\rewrite.php(43): require_once('C:\\Users\\user\\M...')
#10 {main}
CRITICAL - 2026-01-05 00:34:17 --> Undefined variable $kategori
#0 C:\Users\user\Music\Engeline Chairine UKK\TODOLIST-1\app\Views\index.php(19): CodeIgniter\Debug\Exceptions->errorHandler(2, 'Undefined varia...', 'C:\\Users\\user\\M...', 19)
#1 C:\Users\user\Music\Engeline Chairine UKK\TODOLIST-1\system\View\View.php(210): include('C:\\Users\\user\\M...')
#2 C:\Users\user\Music\Engeline Chairine UKK\TODOLIST-1\system\View\View.php(213): CodeIgniter\View\View->CodeIgniter\View\{closure}()
#3 C:\Users\user\Music\Engeline Chairine UKK\TODOLIST-1\system\Common.php(1089): CodeIgniter\View\View->render('index', Array, true)
#4 C:\Users\user\Music\Engeline Chairine UKK\TODOLIST-1\app\Controllers\Home.php(20): view('index', Array)
#5 C:\Users\user\Music\Engeline Chairine UKK\TODOLIST-1\system\CodeIgniter.php(832): App\Controllers\Home->index()
#6 C:\Users\user\Music\Engeline Chairine UKK\TODOLIST-1\system\CodeIgniter.php(419): CodeIgniter\CodeIgniter->runController(Object(App\Controllers\Home))
#7 C:\Users\user\Music\Engeline Chairine UKK\TODOLIST-1\system\CodeIgniter.php(326): CodeIgniter\CodeIgniter->handleRequest(NULL, Object(Config\Cache), false)
#8 C:\Users\user\Music\Engeline Chairine UKK\TODOLIST-1\public\index.php(37): CodeIgniter\CodeIgniter->run()
#9 C:\Users\user\Music\Engeline Chairine UKK\TODOLIST-1\system\Commands\Server\rewrite.php(43): require_once('C:\\Users\\user\\M...')
#10 {main}
CRITICAL - 2026-01-05 00:37:01 --> Undefined variable $kategori
#0 C:\Users\user\Music\Engeline Chairine UKK\TODOLIST-1\app\Views\index.php(19): CodeIgniter\Debug\Exceptions->errorHandler(2, 'Undefined varia...', 'C:\\Users\\user\\M...', 19)
#1 C:\Users\user\Music\Engeline Chairine UKK\TODOLIST-1\system\View\View.php(210): include('C:\\Users\\user\\M...')
#2 C:\Users\user\Music\Engeline Chairine UKK\TODOLIST-1\system\View\View.php(213): CodeIgniter\View\View->CodeIgniter\View\{closure}()
#3 C:\Users\user\Music\Engeline Chairine UKK\TODOLIST-1\system\Common.php(1089): CodeIgniter\View\View->render('index', Array, true)
#4 C:\Users\user\Music\Engeline Chairine UKK\TODOLIST-1\app\Controllers\Home.php(20): view('index', Array)
#5 C:\Users\user\Music\Engeline Chairine UKK\TODOLIST-1\system\CodeIgniter.php(832): App\Controllers\Home->index()
#6 C:\Users\user\Music\Engeline Chairine UKK\TODOLIST-1\system\CodeIgniter.php(419): CodeIgniter\CodeIgniter->runController(Object(App\Controllers\Home))
#7 C:\Users\user\Music\Engeline Chairine UKK\TODOLIST-1\system\CodeIgniter.php(326): CodeIgniter\CodeIgniter->handleRequest(NULL, Object(Config\Cache), false)
#8 C:\Users\user\Music\Engeline Chairine UKK\TODOLIST-1\public\index.php(37): CodeIgniter\CodeIgniter->run()
#9 C:\Users\user\Music\Engeline Chairine UKK\TODOLIST-1\system\Commands\Server\rewrite.php(43): require_once('C:\\Users\\user\\M...')
#10 {main}
CRITICAL - 2026-01-05 00:37:59 --> Undefined variable $produk
#0 C:\Users\user\Music\Engeline Chairine UKK\TODOLIST-1\app\Views\tampildata.php(31): CodeIgniter\Debug\Exceptions->errorHandler(2, 'Undefined varia...', 'C:\\Users\\user\\M...', 31)
#1 C:\Users\user\Music\Engeline Chairine UKK\TODOLIST-1\system\View\View.php(210): include('C:\\Users\\user\\M...')
#2 C:\Users\user\Music\Engeline Chairine UKK\TODOLIST-1\system\View\View.php(213): CodeIgniter\View\View->CodeIgniter\View\{closure}()
#3 C:\Users\user\Music\Engeline Chairine UKK\TODOLIST-1\system\Common.php(1089): CodeIgniter\View\View->render('tampildata', Array, true)
#4 C:\Users\user\Music\Engeline Chairine UKK\TODOLIST-1\app\Controllers\Home.php(31): view('tampildata', Array)
#5 C:\Users\user\Music\Engeline Chairine UKK\TODOLIST-1\system\CodeIgniter.php(832): App\Controllers\Home->index()
#6 C:\Users\user\Music\Engeline Chairine UKK\TODOLIST-1\system\CodeIgniter.php(419): CodeIgniter\CodeIgniter->runController(Object(App\Controllers\Home))
#7 C:\Users\user\Music\Engeline Chairine UKK\TODOLIST-1\system\CodeIgniter.php(326): CodeIgniter\CodeIgniter->handleRequest(NULL, Object(Config\Cache), false)
#8 C:\Users\user\Music\Engeline Chairine UKK\TODOLIST-1\public\index.php(37): CodeIgniter\CodeIgniter->run()
#9 C:\Users\user\Music\Engeline Chairine UKK\TODOLIST-1\system\Commands\Server\rewrite.php(43): require_once('C:\\Users\\user\\M...')
#10 {main}
CRITICAL - 2026-01-05 00:38:19 --> Undefined variable $produk
#0 C:\Users\user\Music\Engeline Chairine UKK\TODOLIST-1\app\Views\tampildata.php(31): CodeIgniter\Debug\Exceptions->errorHandler(2, 'Undefined varia...', 'C:\\Users\\user\\M...', 31)
#1 C:\Users\user\Music\Engeline Chairine UKK\TODOLIST-1\system\View\View.php(210): include('C:\\Users\\user\\M...')
#2 C:\Users\user\Music\Engeline Chairine UKK\TODOLIST-1\system\View\View.php(213): CodeIgniter\View\View->CodeIgniter\View\{closure}()
#3 C:\Users\user\Music\Engeline Chairine UKK\TODOLIST-1\system\Common.php(1089): CodeIgniter\View\View->render('tampildata', Array, true)
#4 C:\Users\user\Music\Engeline Chairine UKK\TODOLIST-1\app\Controllers\Home.php(31): view('tampildata', Array)
#5 C:\Users\user\Music\Engeline Chairine UKK\TODOLIST-1\system\CodeIgniter.php(832): App\Controllers\Home->index()
#6 C:\Users\user\Music\Engeline Chairine UKK\TODOLIST-1\system\CodeIgniter.php(419): CodeIgniter\CodeIgniter->runController(Object(App\Controllers\Home))
#7 C:\Users\user\Music\Engeline Chairine UKK\TODOLIST-1\system\CodeIgniter.php(326): CodeIgniter\CodeIgniter->handleRequest(NULL, Object(Config\Cache), false)
#8 C:\Users\user\Music\Engeline Chairine UKK\TODOLIST-1\public\index.php(37): CodeIgniter\CodeIgniter->run()
#9 C:\Users\user\Music\Engeline Chairine UKK\TODOLIST-1\system\Commands\Server\rewrite.php(43): require_once('C:\\Users\\user\\M...')
#10 {main}
CRITICAL - 2026-01-05 00:42:03 --> Undefined variable $tugas
#0 C:\Users\user\Music\Engeline Chairine UKK\TODOLIST-1\app\Views\tampildata.php(27): CodeIgniter\Debug\Exceptions->errorHandler(2, 'Undefined varia...', 'C:\\Users\\user\\M...', 27)
#1 C:\Users\user\Music\Engeline Chairine UKK\TODOLIST-1\system\View\View.php(210): include('C:\\Users\\user\\M...')
#2 C:\Users\user\Music\Engeline Chairine UKK\TODOLIST-1\system\View\View.php(213): CodeIgniter\View\View->CodeIgniter\View\{closure}()
#3 C:\Users\user\Music\Engeline Chairine UKK\TODOLIST-1\system\Common.php(1089): CodeIgniter\View\View->render('tampildata', Array, true)
#4 C:\Users\user\Music\Engeline Chairine UKK\TODOLIST-1\app\Controllers\Home.php(31): view('tampildata', Array)
#5 C:\Users\user\Music\Engeline Chairine UKK\TODOLIST-1\system\CodeIgniter.php(832): App\Controllers\Home->index()
#6 C:\Users\user\Music\Engeline Chairine UKK\TODOLIST-1\system\CodeIgniter.php(419): CodeIgniter\CodeIgniter->runController(Object(App\Controllers\Home))
#7 C:\Users\user\Music\Engeline Chairine UKK\TODOLIST-1\system\CodeIgniter.php(326): CodeIgniter\CodeIgniter->handleRequest(NULL, Object(Config\Cache), false)
#8 C:\Users\user\Music\Engeline Chairine UKK\TODOLIST-1\public\index.php(37): CodeIgniter\CodeIgniter->run()
#9 C:\Users\user\Music\Engeline Chairine UKK\TODOLIST-1\system\Commands\Server\rewrite.php(43): require_once('C:\\Users\\user\\M...')
#10 {main}
CRITICAL - 2026-01-05 00:42:05 --> Undefined variable $tugas
#0 C:\Users\user\Music\Engeline Chairine UKK\TODOLIST-1\app\Views\tampildata.php(27): CodeIgniter\Debug\Exceptions->errorHandler(2, 'Undefined varia...', 'C:\\Users\\user\\M...', 27)
#1 C:\Users\user\Music\Engeline Chairine UKK\TODOLIST-1\system\View\View.php(210): include('C:\\Users\\user\\M...')
#2 C:\Users\user\Music\Engeline Chairine UKK\TODOLIST-1\system\View\View.php(213): CodeIgniter\View\View->CodeIgniter\View\{closure}()
#3 C:\Users\user\Music\Engeline Chairine UKK\TODOLIST-1\system\Common.php(1089): CodeIgniter\View\View->render('tampildata', Array, true)
#4 C:\Users\user\Music\Engeline Chairine UKK\TODOLIST-1\app\Controllers\Home.php(31): view('tampildata', Array)
#5 C:\Users\user\Music\Engeline Chairine UKK\TODOLIST-1\system\CodeIgniter.php(832): App\Controllers\Home->index()
#6 C:\Users\user\Music\Engeline Chairine UKK\TODOLIST-1\system\CodeIgniter.php(419): CodeIgniter\CodeIgniter->runController(Object(App\Controllers\Home))
#7 C:\Users\user\Music\Engeline Chairine UKK\TODOLIST-1\system\CodeIgniter.php(326): CodeIgniter\CodeIgniter->handleRequest(NULL, Object(Config\Cache), false)
#8 C:\Users\user\Music\Engeline Chairine UKK\TODOLIST-1\public\index.php(37): CodeIgniter\CodeIgniter->run()
#9 C:\Users\user\Music\Engeline Chairine UKK\TODOLIST-1\system\Commands\Server\rewrite.php(43): require_once('C:\\Users\\user\\M...')
#10 {main}
CRITICAL - 2026-01-05 00:44:09 --> Undefined variable $tugas
#0 C:\Users\user\Music\Engeline Chairine UKK\TODOLIST-1\app\Views\tampildata.php(27): CodeIgniter\Debug\Exceptions->errorHandler(2, 'Undefined varia...', 'C:\\Users\\user\\M...', 27)
#1 C:\Users\user\Music\Engeline Chairine UKK\TODOLIST-1\system\View\View.php(210): include('C:\\Users\\user\\M...')
#2 C:\Users\user\Music\Engeline Chairine UKK\TODOLIST-1\system\View\View.php(213): CodeIgniter\View\View->CodeIgniter\View\{closure}()
#3 C:\Users\user\Music\Engeline Chairine UKK\TODOLIST-1\system\Common.php(1089): CodeIgniter\View\View->render('tampildata', Array, true)
#4 C:\Users\user\Music\Engeline Chairine UKK\TODOLIST-1\app\Controllers\Home.php(31): view('tampildata', Array)
#5 C:\Users\user\Music\Engeline Chairine UKK\TODOLIST-1\system\CodeIgniter.php(832): App\Controllers\Home->index()
#6 C:\Users\user\Music\Engeline Chairine UKK\TODOLIST-1\system\CodeIgniter.php(419): CodeIgniter\CodeIgniter->runController(Object(App\Controllers\Home))
#7 C:\Users\user\Music\Engeline Chairine UKK\TODOLIST-1\system\CodeIgniter.php(326): CodeIgniter\CodeIgniter->handleRequest(NULL, Object(Config\Cache), false)
#8 C:\Users\user\Music\Engeline Chairine UKK\TODOLIST-1\public\index.php(37): CodeIgniter\CodeIgniter->run()
#9 C:\Users\user\Music\Engeline Chairine UKK\TODOLIST-1\system\Commands\Server\rewrite.php(43): require_once('C:\\Users\\user\\M...')
#10 {main}
CRITICAL - 2026-01-05 00:47:14 --> Attempt to read property "nama_tugas" on array
#0 C:\Users\user\Music\Engeline Chairine UKK\TODOLIST-1\app\Views\tampildata.php(31): CodeIgniter\Debug\Exceptions->errorHandler(2, 'Attempt to read...', 'C:\\Users\\user\\M...', 31)
#1 C:\Users\user\Music\Engeline Chairine UKK\TODOLIST-1\system\View\View.php(210): include('C:\\Users\\user\\M...')
#2 C:\Users\user\Music\Engeline Chairine UKK\TODOLIST-1\system\View\View.php(213): CodeIgniter\View\View->CodeIgniter\View\{closure}()
#3 C:\Users\user\Music\Engeline Chairine UKK\TODOLIST-1\system\Common.php(1089): CodeIgniter\View\View->render('tampildata', Array, true)
#4 C:\Users\user\Music\Engeline Chairine UKK\TODOLIST-1\app\Controllers\Home.php(31): view('tampildata', Array)
#5 C:\Users\user\Music\Engeline Chairine UKK\TODOLIST-1\system\CodeIgniter.php(832): App\Controllers\Home->index()
#6 C:\Users\user\Music\Engeline Chairine UKK\TODOLIST-1\system\CodeIgniter.php(419): CodeIgniter\CodeIgniter->runController(Object(App\Controllers\Home))
#7 C:\Users\user\Music\Engeline Chairine UKK\TODOLIST-1\system\CodeIgniter.php(326): CodeIgniter\CodeIgniter->handleRequest(NULL, Object(Config\Cache), false)
#8 C:\Users\user\Music\Engeline Chairine UKK\TODOLIST-1\public\index.php(37): CodeIgniter\CodeIgniter->run()
#9 C:\Users\user\Music\Engeline Chairine UKK\TODOLIST-1\system\Commands\Server\rewrite.php(43): require_once('C:\\Users\\user\\M...')
#10 {main}
CRITICAL - 2026-01-05 00:47:25 --> Attempt to read property "nama_tugas" on array
#0 C:\Users\user\Music\Engeline Chairine UKK\TODOLIST-1\app\Views\tampildata.php(31): CodeIgniter\Debug\Exceptions->errorHandler(2, 'Attempt to read...', 'C:\\Users\\user\\M...', 31)
#1 C:\Users\user\Music\Engeline Chairine UKK\TODOLIST-1\system\View\View.php(210): include('C:\\Users\\user\\M...')
#2 C:\Users\user\Music\Engeline Chairine UKK\TODOLIST-1\system\View\View.php(213): CodeIgniter\View\View->CodeIgniter\View\{closure}()
#3 C:\Users\user\Music\Engeline Chairine UKK\TODOLIST-1\system\Common.php(1089): CodeIgniter\View\View->render('tampildata', Array, true)
#4 C:\Users\user\Music\Engeline Chairine UKK\TODOLIST-1\app\Controllers\Home.php(31): view('tampildata', Array)
#5 C:\Users\user\Music\Engeline Chairine UKK\TODOLIST-1\system\CodeIgniter.php(832): App\Controllers\Home->index()
#6 C:\Users\user\Music\Engeline Chairine UKK\TODOLIST-1\system\CodeIgniter.php(419): CodeIgniter\CodeIgniter->runController(Object(App\Controllers\Home))
#7 C:\Users\user\Music\Engeline Chairine UKK\TODOLIST-1\system\CodeIgniter.php(326): CodeIgniter\CodeIgniter->handleRequest(NULL, Object(Config\Cache), false)
#8 C:\Users\user\Music\Engeline Chairine UKK\TODOLIST-1\public\index.php(37): CodeIgniter\CodeIgniter->run()
#9 C:\Users\user\Music\Engeline Chairine UKK\TODOLIST-1\system\Commands\Server\rewrite.php(43): require_once('C:\\Users\\user\\M...')
#10 {main}
