ERROR - 2025-04-13 22:18:15 --> Column 'id_user' cannot be null
ERROR - 2025-04-13 22:19:43 --> Column 'id_user' cannot be null
ERROR - 2025-04-13 22:22:27 --> Column 'id_user' cannot be null
ERROR - 2025-04-13 22:28:19 --> Column 'id_user' cannot be null
ERROR - 2025-04-13 22:29:30 --> Column 'id_user' cannot be null
ERROR - 2025-04-13 22:58:25 --> Column 'id_user' cannot be null
ERROR - 2025-04-13 22:59:00 --> Column 'id_user' cannot be null
ERROR - 2025-04-13 23:05:09 --> Column 'id_user' cannot be null
CRITICAL - 2025-04-13 11:06:02 --> Invalid argument supplied for foreach()
#0 C:\Users\redmibook\Videos\pointofsale\app\Views\pesan.php(22): CodeIgniter\Debug\Exceptions->errorHandler(2, 'Invalid argumen...', 'C:\\Users\\redmib...', 22, Array)
#1 C:\Users\redmibook\Videos\pointofsale\system\View\View.php(210): include('C:\\Users\\redmib...')
#2 C:\Users\redmibook\Videos\pointofsale\system\View\View.php(213): CodeIgniter\View\View->CodeIgniter\View\{closure}()
#3 C:\Users\redmibook\Videos\pointofsale\system\Common.php(1089): CodeIgniter\View\View->render('pesan', Array, true)
#4 C:\Users\redmibook\Videos\pointofsale\app\Controllers\Home.php(645): view('pesan', Array)
#5 C:\Users\redmibook\Videos\pointofsale\system\CodeIgniter.php(832): App\Controllers\Home->pesan('3')
#6 C:\Users\redmibook\Videos\pointofsale\system\CodeIgniter.php(419): CodeIgniter\CodeIgniter->runController(Object(App\Controllers\Home))
#7 C:\Users\redmibook\Videos\pointofsale\system\CodeIgniter.php(326): CodeIgniter\CodeIgniter->handleRequest(NULL, Object(Config\Cache), false)
#8 C:\Users\redmibook\Videos\pointofsale\public\index.php(37): CodeIgniter\CodeIgniter->run()
#9 C:\Users\redmibook\Videos\pointofsale\system\Commands\Server\rewrite.php(43): require_once('C:\\Users\\redmib...')
#10 {main}
CRITICAL - 2025-04-13 11:23:16 --> Cannot use object of type stdClass as array
#0 C:\Users\redmibook\Videos\pointofsale\system\CodeIgniter.php(832): App\Controllers\Home->pesan('3')
#1 C:\Users\redmibook\Videos\pointofsale\system\CodeIgniter.php(419): CodeIgniter\CodeIgniter->runController(Object(App\Controllers\Home))
#2 C:\Users\redmibook\Videos\pointofsale\system\CodeIgniter.php(326): CodeIgniter\CodeIgniter->handleRequest(NULL, Object(Config\Cache), false)
#3 C:\Users\redmibook\Videos\pointofsale\public\index.php(37): CodeIgniter\CodeIgniter->run()
#4 C:\Users\redmibook\Videos\pointofsale\system\Commands\Server\rewrite.php(43): require_once('C:\\Users\\redmib...')
#5 {main}
CRITICAL - 2025-04-13 11:56:04 --> Call to a member function get() on null
#0 C:\Users\redmibook\Videos\pointofsale\system\CodeIgniter.php(832): App\Controllers\Home->index()
#1 C:\Users\redmibook\Videos\pointofsale\system\CodeIgniter.php(419): CodeIgniter\CodeIgniter->runController(Object(App\Controllers\Home))
#2 C:\Users\redmibook\Videos\pointofsale\system\CodeIgniter.php(326): CodeIgniter\CodeIgniter->handleRequest(NULL, Object(Config\Cache), false)
#3 C:\Users\redmibook\Videos\pointofsale\public\index.php(37): CodeIgniter\CodeIgniter->run()
#4 C:\Users\redmibook\Videos\pointofsale\system\Commands\Server\rewrite.php(43): require_once('C:\\Users\\redmib...')
#5 {main}
CRITICAL - 2025-04-13 11:56:19 --> Call to a member function get() on null
#0 C:\Users\redmibook\Videos\pointofsale\system\CodeIgniter.php(832): App\Controllers\Home->index()
#1 C:\Users\redmibook\Videos\pointofsale\system\CodeIgniter.php(419): CodeIgniter\CodeIgniter->runController(Object(App\Controllers\Home))
#2 C:\Users\redmibook\Videos\pointofsale\system\CodeIgniter.php(326): CodeIgniter\CodeIgniter->handleRequest(NULL, Object(Config\Cache), false)
#3 C:\Users\redmibook\Videos\pointofsale\public\index.php(37): CodeIgniter\CodeIgniter->run()
#4 C:\Users\redmibook\Videos\pointofsale\system\Commands\Server\rewrite.php(43): require_once('C:\\Users\\redmib...')
#5 {main}
CRITICAL - 2025-04-13 11:56:52 --> Call to a member function get() on null
#0 C:\Users\redmibook\Videos\pointofsale\system\CodeIgniter.php(832): App\Controllers\Home->index()
#1 C:\Users\redmibook\Videos\pointofsale\system\CodeIgniter.php(419): CodeIgniter\CodeIgniter->runController(Object(App\Controllers\Home))
#2 C:\Users\redmibook\Videos\pointofsale\system\CodeIgniter.php(326): CodeIgniter\CodeIgniter->handleRequest(NULL, Object(Config\Cache), false)
#3 C:\Users\redmibook\Videos\pointofsale\public\index.php(37): CodeIgniter\CodeIgniter->run()
#4 C:\Users\redmibook\Videos\pointofsale\system\Commands\Server\rewrite.php(43): require_once('C:\\Users\\redmib...')
#5 {main}
CRITICAL - 2025-04-13 11:57:13 --> syntax error, unexpected ';', expecting ')'
#0 C:\Users\redmibook\Videos\pointofsale\system\Autoloader\Autoloader.php(241): CodeIgniter\Autoloader\Autoloader->includeFile('C:\\Users\\redmib...')
#1 C:\Users\redmibook\Videos\pointofsale\system\Autoloader\Autoloader.php(219): CodeIgniter\Autoloader\Autoloader->loadInNamespace('App\\Controllers...')
#2 [internal function]: CodeIgniter\Autoloader\Autoloader->loadClass('App\\Controllers...')
#3 [internal function]: spl_autoload_call('App\\Controllers...')
#4 C:\Users\redmibook\Videos\pointofsale\system\CodeIgniter.php(797): class_exists('\\App\\Controller...', true)
#5 C:\Users\redmibook\Videos\pointofsale\system\CodeIgniter.php(406): CodeIgniter\CodeIgniter->startController()
#6 C:\Users\redmibook\Videos\pointofsale\system\CodeIgniter.php(326): CodeIgniter\CodeIgniter->handleRequest(NULL, Object(Config\Cache), false)
#7 C:\Users\redmibook\Videos\pointofsale\public\index.php(37): CodeIgniter\CodeIgniter->run()
#8 C:\Users\redmibook\Videos\pointofsale\system\Commands\Server\rewrite.php(43): require_once('C:\\Users\\redmib...')
#9 {main}
CRITICAL - 2025-04-13 11:57:43 --> syntax error, unexpected ';', expecting ')'
#0 C:\Users\redmibook\Videos\pointofsale\system\Autoloader\Autoloader.php(241): CodeIgniter\Autoloader\Autoloader->includeFile('C:\\Users\\redmib...')
#1 C:\Users\redmibook\Videos\pointofsale\system\Autoloader\Autoloader.php(219): CodeIgniter\Autoloader\Autoloader->loadInNamespace('App\\Controllers...')
#2 [internal function]: CodeIgniter\Autoloader\Autoloader->loadClass('App\\Controllers...')
#3 [internal function]: spl_autoload_call('App\\Controllers...')
#4 C:\Users\redmibook\Videos\pointofsale\system\CodeIgniter.php(797): class_exists('\\App\\Controller...', true)
#5 C:\Users\redmibook\Videos\pointofsale\system\CodeIgniter.php(406): CodeIgniter\CodeIgniter->startController()
#6 C:\Users\redmibook\Videos\pointofsale\system\CodeIgniter.php(326): CodeIgniter\CodeIgniter->handleRequest(NULL, Object(Config\Cache), false)
#7 C:\Users\redmibook\Videos\pointofsale\public\index.php(37): CodeIgniter\CodeIgniter->run()
#8 C:\Users\redmibook\Videos\pointofsale\system\Commands\Server\rewrite.php(43): require_once('C:\\Users\\redmib...')
#9 {main}
CRITICAL - 2025-04-13 12:08:39 --> Invalid file: forgorpass.php
#0 C:\Users\redmibook\Videos\pointofsale\system\View\View.php(198): CodeIgniter\Exceptions\FrameworkException::forInvalidFile('forgorpass.php')
#1 C:\Users\redmibook\Videos\pointofsale\system\Common.php(1089): CodeIgniter\View\View->render('forgorpass', Array, true)
#2 C:\Users\redmibook\Videos\pointofsale\app\Controllers\Home.php(155): view('forgorpass')
#3 C:\Users\redmibook\Videos\pointofsale\system\CodeIgniter.php(832): App\Controllers\Home->forgorpass()
#4 C:\Users\redmibook\Videos\pointofsale\system\CodeIgniter.php(419): CodeIgniter\CodeIgniter->runController(Object(App\Controllers\Home))
#5 C:\Users\redmibook\Videos\pointofsale\system\CodeIgniter.php(326): CodeIgniter\CodeIgniter->handleRequest(NULL, Object(Config\Cache), false)
#6 C:\Users\redmibook\Videos\pointofsale\public\index.php(37): CodeIgniter\CodeIgniter->run()
#7 C:\Users\redmibook\Videos\pointofsale\system\Commands\Server\rewrite.php(43): require_once('C:\\Users\\redmib...')
#8 {main}
CRITICAL - 2025-04-13 21:14:55 --> syntax error, unexpected '$kamar' (T_VARIABLE)
#0 C:\Users\redmibook\Videos\pointofsale\system\Router\Router.php(175): CodeIgniter\Router\Router->autoRoute('home/index')
#1 C:\Users\redmibook\Videos\pointofsale\system\CodeIgniter.php(726): CodeIgniter\Router\Router->handle('home/index')
#2 C:\Users\redmibook\Videos\pointofsale\system\CodeIgniter.php(368): CodeIgniter\CodeIgniter->tryToRouteIt(Object(CodeIgniter\Router\RouteCollection))
#3 C:\Users\redmibook\Videos\pointofsale\system\CodeIgniter.php(326): CodeIgniter\CodeIgniter->handleRequest(NULL, Object(Config\Cache), false)
#4 C:\Users\redmibook\Videos\pointofsale\public\index.php(37): CodeIgniter\CodeIgniter->run()
#5 C:\Users\redmibook\Videos\pointofsale\system\Commands\Server\rewrite.php(43): require_once('C:\\Users\\redmib...')
#6 {main}
CRITICAL - 2025-04-13 21:48:46 --> A non-numeric value encountered
#0 C:\Users\redmibook\Videos\pointofsale\app\Controllers\Home.php(378): CodeIgniter\Debug\Exceptions->errorHandler(2, 'A non-numeric v...', 'C:\\Users\\redmib...', 378, Array)
#1 C:\Users\redmibook\Videos\pointofsale\system\CodeIgniter.php(832): App\Controllers\Home->input_produk()
#2 C:\Users\redmibook\Videos\pointofsale\system\CodeIgniter.php(419): CodeIgniter\CodeIgniter->runController(Object(App\Controllers\Home))
#3 C:\Users\redmibook\Videos\pointofsale\system\CodeIgniter.php(326): CodeIgniter\CodeIgniter->handleRequest(NULL, Object(Config\Cache), false)
#4 C:\Users\redmibook\Videos\pointofsale\public\index.php(37): CodeIgniter\CodeIgniter->run()
#5 C:\Users\redmibook\Videos\pointofsale\system\Commands\Server\rewrite.php(43): require_once('C:\\Users\\redmib...')
#6 {main}
CRITICAL - 2025-04-13 21:49:53 --> syntax error, unexpected '"("' (T_CONSTANT_ENCAPSED_STRING)
#0 C:\Users\redmibook\Videos\pointofsale\system\Router\Router.php(175): CodeIgniter\Router\Router->autoRoute('home/input_prod...')
#1 C:\Users\redmibook\Videos\pointofsale\system\CodeIgniter.php(726): CodeIgniter\Router\Router->handle('home/input_prod...')
#2 C:\Users\redmibook\Videos\pointofsale\system\CodeIgniter.php(368): CodeIgniter\CodeIgniter->tryToRouteIt(Object(CodeIgniter\Router\RouteCollection))
#3 C:\Users\redmibook\Videos\pointofsale\system\CodeIgniter.php(326): CodeIgniter\CodeIgniter->handleRequest(NULL, Object(Config\Cache), false)
#4 C:\Users\redmibook\Videos\pointofsale\public\index.php(37): CodeIgniter\CodeIgniter->run()
#5 C:\Users\redmibook\Videos\pointofsale\system\Commands\Server\rewrite.php(43): require_once('C:\\Users\\redmib...')
#6 {main}
CRITICAL - 2025-04-13 21:50:08 --> syntax error, unexpected '$this' (T_VARIABLE)
#0 C:\Users\redmibook\Videos\pointofsale\system\Router\Router.php(175): CodeIgniter\Router\Router->autoRoute('home/input_prod...')
#1 C:\Users\redmibook\Videos\pointofsale\system\CodeIgniter.php(726): CodeIgniter\Router\Router->handle('home/input_prod...')
#2 C:\Users\redmibook\Videos\pointofsale\system\CodeIgniter.php(368): CodeIgniter\CodeIgniter->tryToRouteIt(Object(CodeIgniter\Router\RouteCollection))
#3 C:\Users\redmibook\Videos\pointofsale\system\CodeIgniter.php(326): CodeIgniter\CodeIgniter->handleRequest(NULL, Object(Config\Cache), false)
#4 C:\Users\redmibook\Videos\pointofsale\public\index.php(37): CodeIgniter\CodeIgniter->run()
#5 C:\Users\redmibook\Videos\pointofsale\system\Commands\Server\rewrite.php(43): require_once('C:\\Users\\redmib...')
#6 {main}
CRITICAL - 2025-04-13 21:50:59 --> A non-numeric value encountered
#0 C:\Users\redmibook\Videos\pointofsale\app\Controllers\Home.php(378): CodeIgniter\Debug\Exceptions->errorHandler(2, 'A non-numeric v...', 'C:\\Users\\redmib...', 378, Array)
#1 C:\Users\redmibook\Videos\pointofsale\system\CodeIgniter.php(832): App\Controllers\Home->input_produk()
#2 C:\Users\redmibook\Videos\pointofsale\system\CodeIgniter.php(419): CodeIgniter\CodeIgniter->runController(Object(App\Controllers\Home))
#3 C:\Users\redmibook\Videos\pointofsale\system\CodeIgniter.php(326): CodeIgniter\CodeIgniter->handleRequest(NULL, Object(Config\Cache), false)
#4 C:\Users\redmibook\Videos\pointofsale\public\index.php(37): CodeIgniter\CodeIgniter->run()
#5 C:\Users\redmibook\Videos\pointofsale\system\Commands\Server\rewrite.php(43): require_once('C:\\Users\\redmib...')
#6 {main}
CRITICAL - 2025-04-13 21:51:05 --> Argument 3 passed to CodeIgniter\HTTP\Request::fetchGlobal() must be of the type int or null, string given, called in C:\Users\redmibook\Videos\pointofsale\system\HTTP\IncomingRequest.php on line 602
#0 C:\Users\redmibook\Videos\pointofsale\system\HTTP\IncomingRequest.php(602): CodeIgniter\HTTP\Request->fetchGlobal('post', 'nama_produk', 'temperatur', NULL)
#1 C:\Users\redmibook\Videos\pointofsale\app\Controllers\Home.php(378): CodeIgniter\HTTP\IncomingRequest->getPost('nama_produk', 'temperatur')
#2 C:\Users\redmibook\Videos\pointofsale\system\CodeIgniter.php(832): App\Controllers\Home->input_produk()
#3 C:\Users\redmibook\Videos\pointofsale\system\CodeIgniter.php(419): CodeIgniter\CodeIgniter->runController(Object(App\Controllers\Home))
#4 C:\Users\redmibook\Videos\pointofsale\system\CodeIgniter.php(326): CodeIgniter\CodeIgniter->handleRequest(NULL, Object(Config\Cache), false)
#5 C:\Users\redmibook\Videos\pointofsale\public\index.php(37): CodeIgniter\CodeIgniter->run()
#6 C:\Users\redmibook\Videos\pointofsale\system\Commands\Server\rewrite.php(43): require_once('C:\\Users\\redmib...')
#7 {main}
