ERROR - 2025-04-08 00:00:13 --> Table 'point_of_sale.log_activity' doesn't exist
ERROR - 2025-04-08 08:09:26 --> Table 'point_of_sale.log_activity' doesn't exist
ERROR - 2025-04-08 08:09:28 --> Table 'point_of_sale.log_activity' doesn't exist
ERROR - 2025-04-08 08:10:09 --> Table 'point_of_sale.log_activity' doesn't exist
ERROR - 2025-04-08 08:10:44 --> Table 'point_of_sale.log_activity' doesn't exist
ERROR - 2025-04-08 08:11:42 --> Table 'point_of_sale.log_activity' doesn't exist
ERROR - 2025-04-08 08:12:01 --> Table 'point_of_sale.log_activity' doesn't exist
ERROR - 2025-04-08 08:13:25 --> Table 'point_of_sale.log_activity' doesn't exist
ERROR - 2025-04-08 08:13:37 --> Table 'point_of_sale.log_activity' doesn't exist
ERROR - 2025-04-08 08:13:40 --> Table 'point_of_sale.log_activity' doesn't exist
ERROR - 2025-04-08 08:13:55 --> Table 'point_of_sale.log_activity' doesn't exist
ERROR - 2025-04-08 08:14:02 --> Table 'point_of_sale.log_activity' doesn't exist
ERROR - 2025-04-08 08:14:05 --> Table 'point_of_sale.log_activity' doesn't exist
ERROR - 2025-04-08 08:14:38 --> Table 'point_of_sale.log_activity' doesn't exist
ERROR - 2025-04-08 08:14:44 --> Table 'point_of_sale.log_activity' doesn't exist
ERROR - 2025-04-08 08:15:04 --> Table 'point_of_sale.log_activity' doesn't exist
ERROR - 2025-04-08 08:17:38 --> Table 'point_of_sale.log_activity' doesn't exist
ERROR - 2025-04-08 08:20:50 --> Table 'point_of_sale.log_activity' doesn't exist
ERROR - 2025-04-08 08:21:04 --> Table 'point_of_sale.log_activity' doesn't exist
ERROR - 2025-04-08 08:21:08 --> Table 'point_of_sale.log_activity' doesn't exist
ERROR - 2025-04-08 08:21:45 --> Table 'point_of_sale.log_activity' doesn't exist
ERROR - 2025-04-08 08:23:18 --> Table 'point_of_sale.log_activity' doesn't exist
ERROR - 2025-04-08 08:25:45 --> Table 'point_of_sale.log_activity' doesn't exist
ERROR - 2025-04-08 08:26:13 --> Table 'point_of_sale.log_activity' doesn't exist
ERROR - 2025-04-08 08:26:17 --> Table 'point_of_sale.log_activity' doesn't exist
ERROR - 2025-04-08 08:26:45 --> Table 'point_of_sale.log_activity' doesn't exist
ERROR - 2025-04-08 08:27:18 --> Table 'point_of_sale.log_activity' doesn't exist
ERROR - 2025-04-08 08:27:54 --> Table 'point_of_sale.log_activity' doesn't exist
ERROR - 2025-04-08 08:28:24 --> Table 'point_of_sale.log_activity' doesn't exist
ERROR - 2025-04-08 08:29:57 --> Table 'point_of_sale.log_activity' doesn't exist
ERROR - 2025-04-08 08:34:55 --> Table 'point_of_sale.log_activity' doesn't exist
ERROR - 2025-04-08 08:36:49 --> Table 'point_of_sale.log_activity' doesn't exist
ERROR - 2025-04-08 08:37:30 --> Table 'point_of_sale.log_activity' doesn't exist
ERROR - 2025-04-08 08:40:00 --> Table 'point_of_sale.log_activity' doesn't exist
ERROR - 2025-04-08 08:41:31 --> Table 'point_of_sale.log_activity' doesn't exist
ERROR - 2025-04-08 08:42:14 --> Table 'point_of_sale.log_activity' doesn't exist
ERROR - 2025-04-08 08:42:42 --> Table 'point_of_sale.log_activity' doesn't exist
ERROR - 2025-04-08 08:43:16 --> Table 'point_of_sale.log_activity' doesn't exist
ERROR - 2025-04-08 08:48:51 --> Table 'point_of_sale.log_activity' doesn't exist
ERROR - 2025-04-08 08:52:19 --> Table 'point_of_sale.log_activity' doesn't exist
ERROR - 2025-04-08 08:52:21 --> Table 'point_of_sale.log_activity' doesn't exist
ERROR - 2025-04-08 08:53:26 --> Table 'point_of_sale.log_activity' doesn't exist
ERROR - 2025-04-08 09:00:28 --> Table 'point_of_sale.log_activity' doesn't exist
ERROR - 2025-04-08 09:01:07 --> Table 'point_of_sale.log_activity' doesn't exist
ERROR - 2025-04-08 09:04:12 --> Table 'point_of_sale.log_activity' doesn't exist
ERROR - 2025-04-08 09:06:24 --> Table 'point_of_sale.log_activity' doesn't exist
ERROR - 2025-04-08 09:15:40 --> Table 'point_of_sale.log_activity' doesn't exist
ERROR - 2025-04-08 09:17:52 --> Table 'point_of_sale.log_activity' doesn't exist
ERROR - 2025-04-08 09:18:15 --> Table 'point_of_sale.log_activity' doesn't exist
ERROR - 2025-04-08 09:21:50 --> Table 'point_of_sale.log_activity' doesn't exist
ERROR - 2025-04-08 09:22:55 --> Table 'point_of_sale.log_activity' doesn't exist
ERROR - 2025-04-08 09:23:40 --> Table 'point_of_sale.log_activity' doesn't exist
ERROR - 2025-04-08 09:24:06 --> Table 'point_of_sale.log_activity' doesn't exist
ERROR - 2025-04-08 09:27:00 --> Table 'point_of_sale.log_activity' doesn't exist
ERROR - 2025-04-08 09:28:01 --> Table 'point_of_sale.log_activity' doesn't exist
ERROR - 2025-04-08 09:28:13 --> Table 'point_of_sale.log_activity' doesn't exist
ERROR - 2025-04-08 09:28:39 --> Table 'point_of_sale.log_activity' doesn't exist
ERROR - 2025-04-08 09:32:32 --> Table 'point_of_sale.log_activity' doesn't exist
ERROR - 2025-04-08 09:33:09 --> Table 'point_of_sale.log_activity' doesn't exist
ERROR - 2025-04-08 09:33:31 --> Table 'point_of_sale.log_activity' doesn't exist
ERROR - 2025-04-08 09:34:53 --> Table 'point_of_sale.log_activity' doesn't exist
ERROR - 2025-04-08 09:35:09 --> Table 'point_of_sale.log_activity' doesn't exist
ERROR - 2025-04-08 09:35:37 --> Table 'point_of_sale.log_activity' doesn't exist
ERROR - 2025-04-08 09:36:25 --> Table 'point_of_sale.log_activity' doesn't exist
ERROR - 2025-04-08 09:39:11 --> Table 'point_of_sale.log_activity' doesn't exist
ERROR - 2025-04-08 09:39:27 --> Table 'point_of_sale.log_activity' doesn't exist
ERROR - 2025-04-08 09:40:38 --> Table 'point_of_sale.log_activity' doesn't exist
ERROR - 2025-04-08 09:43:01 --> Table 'point_of_sale.log_activity' doesn't exist
ERROR - 2025-04-08 09:43:19 --> Table 'point_of_sale.log_activity' doesn't exist
CRITICAL - 2025-04-08 09:44:40 --> file_get_contents(): SSL: An existing connection was forcibly closed by the remote host.

#0 [internal function]: CodeIgniter\Debug\Exceptions->errorHandler(2, 'file_get_conten...', 'C:\\Users\\redmib...', 279, Array)
#1 C:\Users\redmibook\Videos\pointofsale\app\Models\M_belajar.php(279): file_get_contents('https://api.ipi...')
#2 C:\Users\redmibook\Videos\pointofsale\app\Controllers\Home.php(22): App\Models\M_belajar->log_activity('1', 'User accessed h...')
#3 C:\Users\redmibook\Videos\pointofsale\system\CodeIgniter.php(832): App\Controllers\Home->index()
#4 C:\Users\redmibook\Videos\pointofsale\system\CodeIgniter.php(419): CodeIgniter\CodeIgniter->runController(Object(App\Controllers\Home))
#5 C:\Users\redmibook\Videos\pointofsale\system\CodeIgniter.php(326): CodeIgniter\CodeIgniter->handleRequest(NULL, Object(Config\Cache), false)
#6 C:\Users\redmibook\Videos\pointofsale\public\index.php(37): CodeIgniter\CodeIgniter->run()
#7 C:\Users\redmibook\Videos\pointofsale\system\Commands\Server\rewrite.php(43): require_once('C:\\Users\\redmib...')
#8 {main}
ERROR - 2025-04-08 09:44:54 --> Table 'point_of_sale.log_activity' doesn't exist
ERROR - 2025-04-08 09:47:15 --> Table 'point_of_sale.log_activity' doesn't exist
ERROR - 2025-04-08 09:48:03 --> Table 'point_of_sale.log_activity' doesn't exist
ERROR - 2025-04-08 09:48:17 --> Table 'point_of_sale.log_activity' doesn't exist
ERROR - 2025-04-08 09:49:52 --> Table 'point_of_sale.log_activity' doesn't exist
ERROR - 2025-04-08 09:50:03 --> Table 'point_of_sale.log_activity' doesn't exist
ERROR - 2025-04-08 09:52:06 --> Table 'point_of_sale.log_activity' doesn't exist
ERROR - 2025-04-08 09:52:14 --> Table 'point_of_sale.log_activity' doesn't exist
ERROR - 2025-04-08 09:53:54 --> Table 'point_of_sale.log_activity' doesn't exist
ERROR - 2025-04-08 09:55:20 --> Table 'point_of_sale.log_activity' doesn't exist
ERROR - 2025-04-08 09:56:59 --> Table 'point_of_sale.log_activity' doesn't exist
ERROR - 2025-04-08 09:58:14 --> Table 'point_of_sale.log_activity' doesn't exist
ERROR - 2025-04-08 09:59:35 --> Table 'point_of_sale.log_activity' doesn't exist
ERROR - 2025-04-08 09:59:40 --> Table 'point_of_sale.log_activity' doesn't exist
ERROR - 2025-04-08 10:01:54 --> Table 'point_of_sale.log_activity' doesn't exist
ERROR - 2025-04-08 10:04:55 --> Table 'point_of_sale.log_activity' doesn't exist
ERROR - 2025-04-08 10:04:57 --> Table 'point_of_sale.log_activity' doesn't exist
CRITICAL - 2025-04-08 10:07:14 --> file_get_contents(): php_network_getaddresses: getaddrinfo failed: No such host is known. 
#0 [internal function]: CodeIgniter\Debug\Exceptions->errorHandler(2, 'file_get_conten...', 'C:\\Users\\redmib...', 279, Array)
#1 C:\Users\redmibook\Videos\pointofsale\app\Models\M_belajar.php(279): file_get_contents('https://api.ipi...')
#2 C:\Users\redmibook\Videos\pointofsale\app\Controllers\Home.php(89): App\Models\M_belajar->log_activity('1', 'User logged out')
#3 C:\Users\redmibook\Videos\pointofsale\system\CodeIgniter.php(832): App\Controllers\Home->logout()
#4 C:\Users\redmibook\Videos\pointofsale\system\CodeIgniter.php(419): CodeIgniter\CodeIgniter->runController(Object(App\Controllers\Home))
#5 C:\Users\redmibook\Videos\pointofsale\system\CodeIgniter.php(326): CodeIgniter\CodeIgniter->handleRequest(NULL, Object(Config\Cache), false)
#6 C:\Users\redmibook\Videos\pointofsale\public\index.php(37): CodeIgniter\CodeIgniter->run()
#7 C:\Users\redmibook\Videos\pointofsale\system\Commands\Server\rewrite.php(43): require_once('C:\\Users\\redmib...')
#8 {main}
ERROR - 2025-04-08 10:09:32 --> Table 'point_of_sale.log_activity' doesn't exist
ERROR - 2025-04-08 10:09:33 --> Table 'point_of_sale.log_activity' doesn't exist
CRITICAL - 2025-04-08 10:09:33 --> Invalid argument supplied for foreach()
#0 C:\Users\redmibook\Videos\pointofsale\app\Views\index.php(81): CodeIgniter\Debug\Exceptions->errorHandler(2, 'Invalid argumen...', 'C:\\Users\\redmib...', 81, Array)
#1 C:\Users\redmibook\Videos\pointofsale\system\View\View.php(210): include('C:\\Users\\redmib...')
#2 C:\Users\redmibook\Videos\pointofsale\system\View\View.php(213): CodeIgniter\View\View->CodeIgniter\View\{closure}()
#3 C:\Users\redmibook\Videos\pointofsale\system\Common.php(1089): CodeIgniter\View\View->render('index', Array, true)
#4 C:\Users\redmibook\Videos\pointofsale\app\Controllers\Home.php(31): view('index')
#5 C:\Users\redmibook\Videos\pointofsale\system\CodeIgniter.php(832): App\Controllers\Home->index()
#6 C:\Users\redmibook\Videos\pointofsale\system\CodeIgniter.php(419): CodeIgniter\CodeIgniter->runController(Object(App\Controllers\Home))
#7 C:\Users\redmibook\Videos\pointofsale\system\CodeIgniter.php(326): CodeIgniter\CodeIgniter->handleRequest(NULL, Object(Config\Cache), false)
#8 C:\Users\redmibook\Videos\pointofsale\public\index.php(37): CodeIgniter\CodeIgniter->run()
#9 C:\Users\redmibook\Videos\pointofsale\system\Commands\Server\rewrite.php(43): require_once('C:\\Users\\redmib...')
#10 {main}
ERROR - 2025-04-08 10:12:03 --> Table 'point_of_sale.log_activity' doesn't exist
CRITICAL - 2025-04-08 10:12:03 --> Invalid argument supplied for foreach()
#0 C:\Users\redmibook\Videos\pointofsale\app\Views\index.php(81): CodeIgniter\Debug\Exceptions->errorHandler(2, 'Invalid argumen...', 'C:\\Users\\redmib...', 81, Array)
#1 C:\Users\redmibook\Videos\pointofsale\system\View\View.php(210): include('C:\\Users\\redmib...')
#2 C:\Users\redmibook\Videos\pointofsale\system\View\View.php(213): CodeIgniter\View\View->CodeIgniter\View\{closure}()
#3 C:\Users\redmibook\Videos\pointofsale\system\Common.php(1089): CodeIgniter\View\View->render('index', Array, true)
#4 C:\Users\redmibook\Videos\pointofsale\app\Controllers\Home.php(31): view('index')
#5 C:\Users\redmibook\Videos\pointofsale\system\CodeIgniter.php(832): App\Controllers\Home->index()
#6 C:\Users\redmibook\Videos\pointofsale\system\CodeIgniter.php(419): CodeIgniter\CodeIgniter->runController(Object(App\Controllers\Home))
#7 C:\Users\redmibook\Videos\pointofsale\system\CodeIgniter.php(326): CodeIgniter\CodeIgniter->handleRequest(NULL, Object(Config\Cache), false)
#8 C:\Users\redmibook\Videos\pointofsale\public\index.php(37): CodeIgniter\CodeIgniter->run()
#9 C:\Users\redmibook\Videos\pointofsale\system\Commands\Server\rewrite.php(43): require_once('C:\\Users\\redmib...')
#10 {main}
ERROR - 2025-04-08 10:12:10 --> Table 'point_of_sale.log_activity' doesn't exist
ERROR - 2025-04-08 17:39:36 --> Table 'point_of_sale.log_activity' doesn't exist
ERROR - 2025-04-08 17:39:37 --> Table 'point_of_sale.log_activity' doesn't exist
ERROR - 2025-04-08 17:40:52 --> Table 'point_of_sale.log_activity' doesn't exist
ERROR - 2025-04-08 17:47:11 --> Table 'point_of_sale.log_activity' doesn't exist
ERROR - 2025-04-08 17:47:13 --> Table 'point_of_sale.log_activity' doesn't exist
CRITICAL - 2025-04-08 17:47:13 --> Cannot use object of type stdClass as array
#0 C:\Users\redmibook\Videos\pointofsale\system\View\View.php(210): include()
#1 C:\Users\redmibook\Videos\pointofsale\system\View\View.php(213): CodeIgniter\View\View->CodeIgniter\View\{closure}()
#2 C:\Users\redmibook\Videos\pointofsale\system\Common.php(1089): CodeIgniter\View\View->render('index', Array, true)
#3 C:\Users\redmibook\Videos\pointofsale\app\Controllers\Home.php(27): view('index', Array)
#4 C:\Users\redmibook\Videos\pointofsale\system\CodeIgniter.php(832): App\Controllers\Home->index()
#5 C:\Users\redmibook\Videos\pointofsale\system\CodeIgniter.php(419): CodeIgniter\CodeIgniter->runController(Object(App\Controllers\Home))
#6 C:\Users\redmibook\Videos\pointofsale\system\CodeIgniter.php(326): CodeIgniter\CodeIgniter->handleRequest(NULL, Object(Config\Cache), false)
#7 C:\Users\redmibook\Videos\pointofsale\public\index.php(37): CodeIgniter\CodeIgniter->run()
#8 C:\Users\redmibook\Videos\pointofsale\system\Commands\Server\rewrite.php(43): require_once('C:\\Users\\redmib...')
#9 {main}
ERROR - 2025-04-08 17:48:55 --> Table 'point_of_sale.log_activity' doesn't exist
CRITICAL - 2025-04-08 17:48:55 --> Cannot use object of type stdClass as array
#0 C:\Users\redmibook\Videos\pointofsale\system\View\View.php(210): include()
#1 C:\Users\redmibook\Videos\pointofsale\system\View\View.php(213): CodeIgniter\View\View->CodeIgniter\View\{closure}()
#2 C:\Users\redmibook\Videos\pointofsale\system\Common.php(1089): CodeIgniter\View\View->render('index', Array, true)
#3 C:\Users\redmibook\Videos\pointofsale\app\Controllers\Home.php(29): view('index', Array)
#4 C:\Users\redmibook\Videos\pointofsale\system\CodeIgniter.php(832): App\Controllers\Home->index()
#5 C:\Users\redmibook\Videos\pointofsale\system\CodeIgniter.php(419): CodeIgniter\CodeIgniter->runController(Object(App\Controllers\Home))
#6 C:\Users\redmibook\Videos\pointofsale\system\CodeIgniter.php(326): CodeIgniter\CodeIgniter->handleRequest(NULL, Object(Config\Cache), false)
#7 C:\Users\redmibook\Videos\pointofsale\public\index.php(37): CodeIgniter\CodeIgniter->run()
#8 C:\Users\redmibook\Videos\pointofsale\system\Commands\Server\rewrite.php(43): require_once('C:\\Users\\redmib...')
#9 {main}
ERROR - 2025-04-08 17:51:29 --> Table 'point_of_sale.log_activity' doesn't exist
ERROR - 2025-04-08 17:52:15 --> Table 'point_of_sale.log_activity' doesn't exist
ERROR - 2025-04-08 17:53:32 --> Table 'point_of_sale.log_activity' doesn't exist
ERROR - 2025-04-08 17:54:34 --> Table 'point_of_sale.log_activity' doesn't exist
ERROR - 2025-04-08 17:54:40 --> Table 'point_of_sale.log_activity' doesn't exist
ERROR - 2025-04-08 18:01:18 --> Table 'point_of_sale.log_activity' doesn't exist
ERROR - 2025-04-08 18:01:27 --> Table 'point_of_sale.log_activity' doesn't exist
ERROR - 2025-04-08 18:01:28 --> Table 'point_of_sale.log_activity' doesn't exist
ERROR - 2025-04-08 18:01:40 --> Table 'point_of_sale.log_activity' doesn't exist
ERROR - 2025-04-08 18:02:31 --> Table 'point_of_sale.log_activity' doesn't exist
ERROR - 2025-04-08 18:03:18 --> Table 'point_of_sale.log_activity' doesn't exist
ERROR - 2025-04-08 18:03:27 --> Table 'point_of_sale.log_activity' doesn't exist
ERROR - 2025-04-08 18:03:38 --> Table 'point_of_sale.log_activity' doesn't exist
ERROR - 2025-04-08 18:03:55 --> Table 'point_of_sale.log_activity' doesn't exist
ERROR - 2025-04-08 18:04:02 --> Table 'point_of_sale.log_activity' doesn't exist
ERROR - 2025-04-08 18:04:45 --> Table 'point_of_sale.log_activity' doesn't exist
ERROR - 2025-04-08 18:12:32 --> Table 'point_of_sale.log_activity' doesn't exist
ERROR - 2025-04-08 18:14:10 --> Table 'point_of_sale.log_activity' doesn't exist
ERROR - 2025-04-08 18:14:11 --> Table 'point_of_sale.log_activity' doesn't exist
ERROR - 2025-04-08 18:14:46 --> Table 'point_of_sale.log_activity' doesn't exist
ERROR - 2025-04-08 18:15:00 --> Table 'point_of_sale.log_activity' doesn't exist
ERROR - 2025-04-08 18:15:05 --> Table 'point_of_sale.log_activity' doesn't exist
ERROR - 2025-04-08 18:15:53 --> Table 'point_of_sale.log_activity' doesn't exist
ERROR - 2025-04-08 18:16:10 --> Table 'point_of_sale.log_activity' doesn't exist
ERROR - 2025-04-08 18:17:30 --> Table 'point_of_sale.log_activity' doesn't exist
ERROR - 2025-04-08 18:18:15 --> Table 'point_of_sale.log_activity' doesn't exist
ERROR - 2025-04-08 18:19:52 --> Table 'point_of_sale.log_activity' doesn't exist
ERROR - 2025-04-08 18:21:32 --> Table 'point_of_sale.log_activity' doesn't exist
ERROR - 2025-04-08 18:22:37 --> Table 'point_of_sale.log_activity' doesn't exist
ERROR - 2025-04-08 20:05:54 --> Table 'point_of_sale.log_activity' doesn't exist
ERROR - 2025-04-08 20:05:55 --> Table 'point_of_sale.log_activity' doesn't exist
ERROR - 2025-04-08 20:07:57 --> Unknown column 'happens_at' in 'field list'
ERROR - 2025-04-08 20:08:11 --> Unknown column 'happens_at' in 'field list'
ERROR - 2025-04-08 20:08:12 --> Unknown column 'happens_at' in 'field list'
ERROR - 2025-04-08 20:09:27 --> Unknown column 'happens_at' in 'field list'
ERROR - 2025-04-08 21:00:34 --> Column 'id_user' cannot be null
ERROR - 2025-04-08 09:00:39 --> Table 'point_of_sale.question' doesn't exist
CRITICAL - 2025-04-08 09:00:39 --> Call to a member function getResultArray() on bool
#0 C:\Users\redmibook\Videos\pointofsale\app\Controllers\admin.php(235): App\Models\M_belajar->getDelete('question', 'deleted_at IS N...')
#1 C:\Users\redmibook\Videos\pointofsale\system\CodeIgniter.php(832): App\Controllers\Admin->deleted_data()
#2 C:\Users\redmibook\Videos\pointofsale\system\CodeIgniter.php(419): CodeIgniter\CodeIgniter->runController(Object(App\Controllers\Admin))
#3 C:\Users\redmibook\Videos\pointofsale\system\CodeIgniter.php(326): CodeIgniter\CodeIgniter->handleRequest(NULL, Object(Config\Cache), false)
#4 C:\Users\redmibook\Videos\pointofsale\public\index.php(37): CodeIgniter\CodeIgniter->run()
#5 C:\Users\redmibook\Videos\pointofsale\system\Commands\Server\rewrite.php(43): require_once('C:\\Users\\redmib...')
#6 {main}
ERROR - 2025-04-08 21:01:30 --> Column 'id_user' cannot be null
ERROR - 2025-04-08 22:02:49 --> Column 'id_user' cannot be null
CRITICAL - 2025-04-08 11:33:51 --> Invalid argument supplied for foreach()
#0 C:\Users\redmibook\Videos\pointofsale\app\Views\admin\tampiluser.php(24): CodeIgniter\Debug\Exceptions->errorHandler(2, 'Invalid argumen...', 'C:\\Users\\redmib...', 24, Array)
#1 C:\Users\redmibook\Videos\pointofsale\system\View\View.php(210): include('C:\\Users\\redmib...')
#2 C:\Users\redmibook\Videos\pointofsale\system\View\View.php(213): CodeIgniter\View\View->CodeIgniter\View\{closure}()
#3 C:\Users\redmibook\Videos\pointofsale\system\Common.php(1089): CodeIgniter\View\View->render('admin/tampiluse...', Array, true)
#4 C:\Users\redmibook\Videos\pointofsale\app\Controllers\admin.php(111): view('admin/tampiluse...')
#5 C:\Users\redmibook\Videos\pointofsale\system\CodeIgniter.php(832): App\Controllers\Admin->formuser()
#6 C:\Users\redmibook\Videos\pointofsale\system\CodeIgniter.php(419): CodeIgniter\CodeIgniter->runController(Object(App\Controllers\Admin))
#7 C:\Users\redmibook\Videos\pointofsale\system\CodeIgniter.php(326): CodeIgniter\CodeIgniter->handleRequest(NULL, Object(Config\Cache), false)
#8 C:\Users\redmibook\Videos\pointofsale\public\index.php(37): CodeIgniter\CodeIgniter->run()
#9 C:\Users\redmibook\Videos\pointofsale\system\Commands\Server\rewrite.php(43): require_once('C:\\Users\\redmib...')
#10 {main}
CRITICAL - 2025-04-08 11:34:11 --> Invalid file: admin/formuser.php
#0 C:\Users\redmibook\Videos\pointofsale\system\View\View.php(198): CodeIgniter\Exceptions\FrameworkException::forInvalidFile('admin/formuser....')
#1 C:\Users\redmibook\Videos\pointofsale\system\Common.php(1089): CodeIgniter\View\View->render('admin/formuser', Array, true)
#2 C:\Users\redmibook\Videos\pointofsale\app\Controllers\admin.php(111): view('admin/formuser')
#3 C:\Users\redmibook\Videos\pointofsale\system\CodeIgniter.php(832): App\Controllers\Admin->formuser()
#4 C:\Users\redmibook\Videos\pointofsale\system\CodeIgniter.php(419): CodeIgniter\CodeIgniter->runController(Object(App\Controllers\Admin))
#5 C:\Users\redmibook\Videos\pointofsale\system\CodeIgniter.php(326): CodeIgniter\CodeIgniter->handleRequest(NULL, Object(Config\Cache), false)
#6 C:\Users\redmibook\Videos\pointofsale\public\index.php(37): CodeIgniter\CodeIgniter->run()
#7 C:\Users\redmibook\Videos\pointofsale\system\Commands\Server\rewrite.php(43): require_once('C:\\Users\\redmib...')
#8 {main}
CRITICAL - 2025-04-08 11:34:17 --> Invalid file: admin/formuser.php
#0 C:\Users\redmibook\Videos\pointofsale\system\View\View.php(198): CodeIgniter\Exceptions\FrameworkException::forInvalidFile('admin/formuser....')
#1 C:\Users\redmibook\Videos\pointofsale\system\Common.php(1089): CodeIgniter\View\View->render('admin/formuser', Array, true)
#2 C:\Users\redmibook\Videos\pointofsale\app\Controllers\admin.php(111): view('admin/formuser')
#3 C:\Users\redmibook\Videos\pointofsale\system\CodeIgniter.php(832): App\Controllers\Admin->formuser()
#4 C:\Users\redmibook\Videos\pointofsale\system\CodeIgniter.php(419): CodeIgniter\CodeIgniter->runController(Object(App\Controllers\Admin))
#5 C:\Users\redmibook\Videos\pointofsale\system\CodeIgniter.php(326): CodeIgniter\CodeIgniter->handleRequest(NULL, Object(Config\Cache), false)
#6 C:\Users\redmibook\Videos\pointofsale\public\index.php(37): CodeIgniter\CodeIgniter->run()
#7 C:\Users\redmibook\Videos\pointofsale\system\Commands\Server\rewrite.php(43): require_once('C:\\Users\\redmib...')
#8 {main}
ERROR - 2025-04-08 11:50:24 --> Table 'point_of_sale.question' doesn't exist
CRITICAL - 2025-04-08 11:50:24 --> Call to a member function getResultArray() on bool
#0 C:\Users\redmibook\Videos\pointofsale\app\Controllers\admin.php(277): App\Models\M_belajar->getDelete('question', 'deleted_at IS N...')
#1 C:\Users\redmibook\Videos\pointofsale\system\CodeIgniter.php(832): App\Controllers\Admin->deleted_data()
#2 C:\Users\redmibook\Videos\pointofsale\system\CodeIgniter.php(419): CodeIgniter\CodeIgniter->runController(Object(App\Controllers\Admin))
#3 C:\Users\redmibook\Videos\pointofsale\system\CodeIgniter.php(326): CodeIgniter\CodeIgniter->handleRequest(NULL, Object(Config\Cache), false)
#4 C:\Users\redmibook\Videos\pointofsale\public\index.php(37): CodeIgniter\CodeIgniter->run()
#5 C:\Users\redmibook\Videos\pointofsale\system\Commands\Server\rewrite.php(43): require_once('C:\\Users\\redmib...')
#6 {main}
ERROR - 2025-04-08 23:59:13 --> Column 'id_user' cannot be null
ERROR - 2025-04-08 21:12:33 --> Table 'point_of_sale.question' doesn't exist
CRITICAL - 2025-04-08 21:12:33 --> Call to a member function getResultArray() on bool
#0 C:\Users\redmibook\Videos\pointofsale\app\Controllers\admin.php(279): App\Models\M_belajar->getDelete('question', 'deleted_at IS N...')
#1 C:\Users\redmibook\Videos\pointofsale\system\CodeIgniter.php(832): App\Controllers\Admin->deleted_data()
#2 C:\Users\redmibook\Videos\pointofsale\system\CodeIgniter.php(419): CodeIgniter\CodeIgniter->runController(Object(App\Controllers\Admin))
#3 C:\Users\redmibook\Videos\pointofsale\system\CodeIgniter.php(326): CodeIgniter\CodeIgniter->handleRequest(NULL, Object(Config\Cache), false)
#4 C:\Users\redmibook\Videos\pointofsale\public\index.php(37): CodeIgniter\CodeIgniter->run()
#5 C:\Users\redmibook\Videos\pointofsale\system\Commands\Server\rewrite.php(43): require_once('C:\\Users\\redmib...')
#6 {main}
CRITICAL - 2025-04-08 21:15:33 --> Cannot redeclare App\Controllers\Admin::formuser()
#0 [internal function]: CodeIgniter\Debug\Exceptions->shutdownHandler()
#1 {main}
CRITICAL - 2025-04-08 21:15:41 --> Invalid file: admin/inputdatas.php
#0 C:\Users\redmibook\Videos\pointofsale\system\View\View.php(198): CodeIgniter\Exceptions\FrameworkException::forInvalidFile('admin/inputdata...')
#1 C:\Users\redmibook\Videos\pointofsale\system\Common.php(1089): CodeIgniter\View\View->render('admin/inputdata...', Array, true)
#2 C:\Users\redmibook\Videos\pointofsale\app\Controllers\admin.php(233): view('admin/inputdata...')
#3 C:\Users\redmibook\Videos\pointofsale\system\CodeIgniter.php(832): App\Controllers\Admin->inputdatas()
#4 C:\Users\redmibook\Videos\pointofsale\system\CodeIgniter.php(419): CodeIgniter\CodeIgniter->runController(Object(App\Controllers\Admin))
#5 C:\Users\redmibook\Videos\pointofsale\system\CodeIgniter.php(326): CodeIgniter\CodeIgniter->handleRequest(NULL, Object(Config\Cache), false)
#6 C:\Users\redmibook\Videos\pointofsale\public\index.php(37): CodeIgniter\CodeIgniter->run()
#7 C:\Users\redmibook\Videos\pointofsale\system\Commands\Server\rewrite.php(43): require_once('C:\\Users\\redmib...')
#8 {main}
CRITICAL - 2025-04-08 21:39:52 --> syntax error, unexpected end of file
#0 C:\Users\redmibook\Videos\pointofsale\system\View\View.php(213): CodeIgniter\View\View->CodeIgniter\View\{closure}()
#1 C:\Users\redmibook\Videos\pointofsale\system\Common.php(1089): CodeIgniter\View\View->render('inputdatas', Array, true)
#2 C:\Users\redmibook\Videos\pointofsale\app\Controllers\admin.php(234): view('inputdatas', Array)
#3 C:\Users\redmibook\Videos\pointofsale\system\CodeIgniter.php(832): App\Controllers\Admin->inputdatas()
#4 C:\Users\redmibook\Videos\pointofsale\system\CodeIgniter.php(419): CodeIgniter\CodeIgniter->runController(Object(App\Controllers\Admin))
#5 C:\Users\redmibook\Videos\pointofsale\system\CodeIgniter.php(326): CodeIgniter\CodeIgniter->handleRequest(NULL, Object(Config\Cache), false)
#6 C:\Users\redmibook\Videos\pointofsale\public\index.php(37): CodeIgniter\CodeIgniter->run()
#7 C:\Users\redmibook\Videos\pointofsale\system\Commands\Server\rewrite.php(43): require_once('C:\\Users\\redmib...')
#8 {main}
CRITICAL - 2025-04-08 21:40:20 --> Invalid argument supplied for foreach()
#0 C:\Users\redmibook\Videos\pointofsale\app\Views\inputdatas.php(32): CodeIgniter\Debug\Exceptions->errorHandler(2, 'Invalid argumen...', 'C:\\Users\\redmib...', 32, Array)
#1 C:\Users\redmibook\Videos\pointofsale\system\View\View.php(210): include('C:\\Users\\redmib...')
#2 C:\Users\redmibook\Videos\pointofsale\system\View\View.php(213): CodeIgniter\View\View->CodeIgniter\View\{closure}()
#3 C:\Users\redmibook\Videos\pointofsale\system\Common.php(1089): CodeIgniter\View\View->render('inputdatas', Array, true)
#4 C:\Users\redmibook\Videos\pointofsale\app\Controllers\admin.php(234): view('inputdatas', Array)
#5 C:\Users\redmibook\Videos\pointofsale\system\CodeIgniter.php(832): App\Controllers\Admin->inputdatas()
#6 C:\Users\redmibook\Videos\pointofsale\system\CodeIgniter.php(419): CodeIgniter\CodeIgniter->runController(Object(App\Controllers\Admin))
#7 C:\Users\redmibook\Videos\pointofsale\system\CodeIgniter.php(326): CodeIgniter\CodeIgniter->handleRequest(NULL, Object(Config\Cache), false)
#8 C:\Users\redmibook\Videos\pointofsale\public\index.php(37): CodeIgniter\CodeIgniter->run()
#9 C:\Users\redmibook\Videos\pointofsale\system\Commands\Server\rewrite.php(43): require_once('C:\\Users\\redmib...')
#10 {main}
CRITICAL - 2025-04-08 21:41:44 --> Invalid argument supplied for foreach()
#0 C:\Users\redmibook\Videos\pointofsale\app\Views\inputdatas.php(33): CodeIgniter\Debug\Exceptions->errorHandler(2, 'Invalid argumen...', 'C:\\Users\\redmib...', 33, Array)
#1 C:\Users\redmibook\Videos\pointofsale\system\View\View.php(210): include('C:\\Users\\redmib...')
#2 C:\Users\redmibook\Videos\pointofsale\system\View\View.php(213): CodeIgniter\View\View->CodeIgniter\View\{closure}()
#3 C:\Users\redmibook\Videos\pointofsale\system\Common.php(1089): CodeIgniter\View\View->render('inputdatas', Array, true)
#4 C:\Users\redmibook\Videos\pointofsale\app\Controllers\admin.php(234): view('inputdatas', Array)
#5 C:\Users\redmibook\Videos\pointofsale\system\CodeIgniter.php(832): App\Controllers\Admin->inputdatas()
#6 C:\Users\redmibook\Videos\pointofsale\system\CodeIgniter.php(419): CodeIgniter\CodeIgniter->runController(Object(App\Controllers\Admin))
#7 C:\Users\redmibook\Videos\pointofsale\system\CodeIgniter.php(326): CodeIgniter\CodeIgniter->handleRequest(NULL, Object(Config\Cache), false)
#8 C:\Users\redmibook\Videos\pointofsale\public\index.php(37): CodeIgniter\CodeIgniter->run()
#9 C:\Users\redmibook\Videos\pointofsale\system\Commands\Server\rewrite.php(43): require_once('C:\\Users\\redmib...')
#10 {main}
